<?xml version="1.0" encoding="UTF-8"?>
<testng-results ignored="0" total="1" passed="1" failed="0" skipped="0">
  <reporter-output>
  </reporter-output>
  <suite started-at="2021-11-25T08:14:49 NZDT" name="Default suite" finished-at="2021-11-25T08:14:52 NZDT" duration-ms="3342">
    <groups>
    </groups>
    <test started-at="2021-11-25T08:14:49 NZDT" name="Default test" finished-at="2021-11-25T08:14:52 NZDT" duration-ms="3342">
      <class name="APITest">
        <test-method signature="ApiValidation1()[pri:0, instance:APITest@6a28ffa4]" started-at="2021-11-25T08:14:49 NZDT" name="ApiValidation1" description="Validating response" finished-at="2021-11-25T08:14:52 NZDT" duration-ms="3292" status="PASS">
          <reporter-output>
          </reporter-output>
        </test-method> <!-- ApiValidation1 -->
      </class> <!-- APITest -->
    </test> <!-- Default test -->
  </suite> <!-- Default suite -->
</testng-results>
